Starting a Gradle Daemon (subsequent builds will be faster)
> Task :gradle-plugin:shared:checkKotlinGradlePluginConfigurationErrors SKIPPED
> Task :expo-gradle-plugin:expo-autolinking-settings-plugin:checkKotlinGradlePluginConfigurationErrors SKIPPED
> Task :expo-gradle-plugin:expo-autolinking-plugin-shared:checkKotlinGradlePluginConfigurationErrors SKIPPED
> Task :gradle-plugin:settings-plugin:checkKotlinGradlePluginConfigurationErrors SKIPPED
> Task :expo-gradle-plugin:expo-autolinking-settings-plugin:pluginDescriptors UP-TO-DATE
> Task :gradle-plugin:settings-plugin:pluginDescriptors UP-TO-DATE
> Task :expo-gradle-plugin:expo-autolinking-settings-plugin:processResources UP-TO-DATE
> Task :gradle-plugin:settings-plugin:processResources UP-TO-DATE
> Task :gradle-plugin:shared:compileKotlin UP-TO-DATE
> Task :expo-gradle-plugin:expo-autolinking-plugin-shared:compileKotlin UP-TO-DATE
> Task :gradle-plugin:shared:compileJava NO-SOURCE
> Task :expo-gradle-plugin:expo-autolinking-plugin-shared:compileJava NO-SOURCE
> Task :expo-gradle-plugin:expo-autolinking-plugin-shared:processResources NO-SOURCE
> Task :expo-gradle-plugin:expo-autolinking-plugin-shared:classes UP-TO-DATE
> Task :gradle-plugin:shared:processResources NO-SOURCE
> Task :gradle-plugin:shared:classes UP-TO-DATE
> Task :expo-gradle-plugin:expo-autolinking-plugin-shared:jar UP-TO-DATE
> Task :gradle-plugin:shared:jar UP-TO-DATE
> Task :gradle-plugin:settings-plugin:compileKotlin UP-TO-DATE
> Task :gradle-plugin:settings-plugin:compileJava NO-SOURCE
> Task :gradle-plugin:settings-plugin:classes UP-TO-DATE
> Task :gradle-plugin:settings-plugin:jar UP-TO-DATE
> Task :expo-gradle-plugin:expo-autolinking-settings-plugin:compileKotlin UP-TO-DATE
> Task :expo-gradle-plugin:expo-autolinking-settings-plugin:compileJava NO-SOURCE
> Task :expo-gradle-plugin:expo-autolinking-settings-plugin:classes UP-TO-DATE
> Task :expo-gradle-plugin:expo-autolinking-settings-plugin:jar UP-TO-DATE
> Task :expo-gradle-plugin:expo-autolinking-plugin:checkKotlinGradlePluginConfigurationErrors SKIPPED
> Task :gradle-plugin:react-native-gradle-plugin:checkKotlinGradlePluginConfigurationErrors SKIPPED
> Task :expo-dev-launcher-gradle-plugin:checkKotlinGradlePluginConfigurationErrors SKIPPED
> Task :expo-module-gradle-plugin:checkKotlinGradlePluginConfigurationErrors SKIPPED
> Task :expo-module-gradle-plugin:pluginDescriptors UP-TO-DATE
> Task :expo-dev-launcher-gradle-plugin:pluginDescriptors UP-TO-DATE
> Task :expo-module-gradle-plugin:processResources UP-TO-DATE
> Task :expo-dev-launcher-gradle-plugin:processResources UP-TO-DATE
> Task :expo-gradle-plugin:expo-autolinking-plugin:compileKotlin UP-TO-DATE
> Task :expo-gradle-plugin:expo-autolinking-plugin:compileJava NO-SOURCE
> Task :expo-gradle-plugin:expo-autolinking-plugin:pluginDescriptors UP-TO-DATE
> Task :expo-gradle-plugin:expo-autolinking-plugin:processResources UP-TO-DATE
> Task :expo-gradle-plugin:expo-autolinking-plugin:classes UP-TO-DATE
> Task :expo-gradle-plugin:expo-autolinking-plugin:jar UP-TO-DATE
> Task :gradle-plugin:react-native-gradle-plugin:compileKotlin UP-TO-DATE
> Task :gradle-plugin:react-native-gradle-plugin:compileJava NO-SOURCE
> Task :gradle-plugin:react-native-gradle-plugin:pluginDescriptors UP-TO-DATE
> Task :gradle-plugin:react-native-gradle-plugin:processResources UP-TO-DATE
> Task :gradle-plugin:react-native-gradle-plugin:classes UP-TO-DATE
> Task :gradle-plugin:react-native-gradle-plugin:jar UP-TO-DATE
> Task :expo-dev-launcher-gradle-plugin:compileKotlin UP-TO-DATE
> Task :expo-module-gradle-plugin:compileKotlin UP-TO-DATE
> Task :expo-dev-launcher-gradle-plugin:compileJava NO-SOURCE
> Task :expo-dev-launcher-gradle-plugin:classes UP-TO-DATE
> Task :expo-module-gradle-plugin:compileJava NO-SOURCE
> Task :expo-module-gradle-plugin:classes UP-TO-DATE
> Task :expo-dev-launcher-gradle-plugin:jar UP-TO-DATE
> Task :expo-module-gradle-plugin:jar UP-TO-DATE

> Configure project :
[32m[ExpoRootProject][0m Using the following versions:
  - buildTools:  [32m36.0.0[0m
  - minSdk:      [32m24[0m
  - compileSdk:  [32m36[0m
  - targetSdk:   [32m36[0m
  - ndk:         [32m27.1.12297006[0m
  - kotlin:      [32m2.1.20[0m
  - ksp:         [32m2.1.20-2.0.1[0m

> Configure project :app
 â„¹ï¸  [33mApplying gradle plugin[0m '[32mexpo-dev-launcher-gradle-plugin[0m'

> Configure project :expo

Using expo modules
  - [32mexpo-constants[0m (18.0.12)
  - [32mexpo-dev-client[0m (6.0.20)
  - [32mexpo-dev-launcher[0m (6.0.20)
  - [32mexpo-dev-menu[0m (7.0.18)
  - [32mexpo-dev-menu-interface[0m (2.0.0)
  - [32mexpo-json-utils[0m (0.15.0)
  - [32mexpo-manifests[0m (1.0.10)
  - [32mexpo-modules-core[0m (3.0.29)
  - [32mexpo-updates-interface[0m (2.0.0)
  - [33m[ðŸ“¦][0m [32mexpo-asset[0m (12.0.12)
  - [33m[ðŸ“¦][0m [32mexpo-blur[0m (15.0.8)
  - [33m[ðŸ“¦][0m [32mexpo-camera[0m (17.0.10)
  - [33m[ðŸ“¦][0m [32mexpo-clipboard[0m (8.0.8)
  - [33m[ðŸ“¦][0m [32mexpo-crypto[0m (15.0.8)
  - [33m[ðŸ“¦][0m [32mexpo-file-system[0m (19.0.21)
  - [33m[ðŸ“¦][0m [32mexpo-font[0m (14.0.10)
  - [33m[ðŸ“¦][0m [32mexpo-keep-awake[0m (15.0.8)
  - [33m[ðŸ“¦][0m [32mexpo-local-authentication[0m (17.0.8)
  - [33m[ðŸ“¦][0m [32mexpo-secure-store[0m (15.0.8)


> Configure project :react-native-firebase_app
:react-native-firebase_app package.json found at /home/tniglobal/public_html/app/authentication-app/node_modules/@react-native-firebase/app/package.json
:react-native-firebase_app:firebase.bom using default value: 33.1.2
:react-native-firebase_app:play.play-services-auth using default value: 21.2.0
:react-native-firebase_app package.json found at /home/tniglobal/public_html/app/authentication-app/node_modules/@react-native-firebase/app/package.json
:react-native-firebase_app:version set from package.json: 20.5.0 (20,5,0 - 20005000)
:react-native-firebase_app:android.compileSdk using custom value: 36
:react-native-firebase_app:android.targetSdk using custom value: 36
:react-native-firebase_app:android.minSdk using custom value: 24
:react-native-firebase_app:reactNativeAndroidDir /home/tniglobal/public_html/app/authentication-app/node_modules/react-native

> Configure project :react-native-firebase_messaging
:react-native-firebase_messaging package.json found at /home/tniglobal/public_html/app/authentication-app/node_modules/@react-native-firebase/messaging/package.json
:react-native-firebase_app package.json found at /home/tniglobal/public_html/app/authentication-app/node_modules/@react-native-firebase/app/package.json
:react-native-firebase_messaging:firebase.bom using default value: 33.1.2
:react-native-firebase_messaging package.json found at /home/tniglobal/public_html/app/authentication-app/node_modules/@react-native-firebase/messaging/package.json
:react-native-firebase_messaging:version set from package.json: 20.5.0 (20,5,0 - 20005000)
:react-native-firebase_messaging:android.compileSdk using custom value: 36
:react-native-firebase_messaging:android.targetSdk using custom value: 36
:react-native-firebase_messaging:android.minSdk using custom value: 24
:react-native-firebase_messaging:reactNativeAndroidDir /home/tniglobal/public_html/app/authentication-app/node_modules/react-native

> Task :expo-updates-interface:clean
> Task :expo-json-utils:clean
> Task :expo-dev-client:clean
> Task :expo-constants:clean
> Task :expo-updates-interface:preBuild UP-TO-DATE
> Task :expo-dev-client:preBuild UP-TO-DATE
> Task :expo-constants:checkKotlinGradlePluginConfigurationErrors SKIPPED
> Task :expo-dev-client:preReleaseBuild UP-TO-DATE
> Task :expo-updates-interface:preReleaseBuild UP-TO-DATE
> Task :expo-manifests:clean
> Task :expo-updates-interface:checkKotlinGradlePluginConfigurationErrors SKIPPED
> Task :expo-json-utils:preBuild UP-TO-DATE
> Task :expo-manifests:preBuild UP-TO-DATE
> Task :expo-dev-client:checkKotlinGradlePluginConfigurationErrors SKIPPED
> Task :expo-json-utils:preReleaseBuild UP-TO-DATE
> Task :expo-json-utils:checkKotlinGradlePluginConfigurationErrors SKIPPED
> Task :expo-manifests:preReleaseBuild UP-TO-DATE
> Task :expo-manifests:checkKotlinGradlePluginConfigurationErrors SKIPPED
> Task :react-native-screens:externalNativeBuildCleanDebug
> Task :app:externalNativeBuildCleanDebug
> Task :expo-modules-core:externalNativeBuildCleanDebug
> Task :app:externalNativeBuildCleanDebugOptimized
> Task :react-native-firebase_app:clean
> Task :react-native-firebase_app:preBuild UP-TO-DATE
> Task :react-native-firebase_app:preReleaseBuild UP-TO-DATE
> Task :expo-dev-menu-interface:clean
> Task :expo-dev-menu-interface:preBuild UP-TO-DATE
> Task :expo-dev-menu-interface:preReleaseBuild UP-TO-DATE
> Task :expo-dev-menu-interface:checkKotlinGradlePluginConfigurationErrors SKIPPED
> Task :react-native-async-storage_async-storage:clean
> Task :react-native-safe-area-context:clean
> Task :react-native-safe-area-context:checkKotlinGradlePluginConfigurationErrors SKIPPED
> Task :react-native-firebase_messaging:clean
> Task :react-native-firebase_messaging:preBuild UP-TO-DATE
> Task :react-native-firebase_messaging:preReleaseBuild UP-TO-DATE
> Task :react-native-svg:clean
> Task :expo:clean
> Task :expo:checkKotlinGradlePluginConfigurationErrors SKIPPED

> Task :react-native-screens:externalNativeBuildCleanRelease
Clean rnscreens-armeabi-v7a
Clean rnscreens-arm64-v8a
Clean rnscreens-x86
Clean rnscreens-x86_64

> Task :expo-dev-launcher:clean
> Task :expo-dev-launcher:preBuild UP-TO-DATE
> Task :expo-dev-launcher:preReleaseBuild UP-TO-DATE
> Task :expo-dev-launcher:checkKotlinGradlePluginConfigurationErrors SKIPPED
> Task :expo-dev-menu:clean
> Task :expo-dev-menu:preBuild UP-TO-DATE
> Task :expo-dev-menu:preReleaseBuild UP-TO-DATE
> Task :expo-dev-menu:checkKotlinGradlePluginConfigurationErrors SKIPPED

> Task :expo-modules-core:externalNativeBuildCleanRelease
Clean fabric-armeabi-v7a, expo-modules-core-armeabi-v7a
Clean fabric-arm64-v8a, expo-modules-core-arm64-v8a
Clean fabric-x86, expo-modules-core-x86
Clean fabric-x86_64, expo-modules-core-x86_64

> Task :react-native-screens:clean
> Task :react-native-screens:checkKotlinGradlePluginConfigurationErrors SKIPPED

> Task :app:externalNativeBuildCleanRelease FAILED
Clean react_codegen_safeareacontext-armeabi-v7a, react_codegen_rnscreens-armeabi-v7a, appmodules-armeabi-v7a, react_codegen_rnsvg-armeabi-v7a, react_codegen_rnasyncstorage-armeabi-v7a
Clean react_codegen_safeareacontext-arm64-v8a, react_codegen_rnscreens-arm64-v8a, appmodules-arm64-v8a, react_codegen_rnsvg-arm64-v8a, react_codegen_rnasyncstorage-arm64-v8a
C/C++: -- GLOB mismatch!
C/C++: -- GLOB mismatch!
C/C++: -- GLOB mismatch!
C/C++: -- GLOB mismatch!
C/C++: -- GLOB mismatch!
C/C++: CMake Error at /home/tniglobal/public_html/app/authentication-app/android/app/build/generated/autolinking/src/main/jni/Android-autolinking.cmake:9 (add_subdirectory):
C/C++:   add_subdirectory given source
C/C++:   "/home/tniglobal/public_html/app/authentication-app/node_modules/@react-native-async-storage/async-storage/android/build/generated/source/codegen/jni/"
C/C++:   which is not an existing directory.
C/C++: Call Stack (most recent call first):
C/C++:   /home/tniglobal/public_html/app/authentication-app/node_modules/react-native/ReactAndroid/cmake-utils/ReactNative-application.cmake:94 (include)
C/C++:   CMakeLists.txt:31 (include)
C/C++: CMake Error at /home/tniglobal/public_html/app/authentication-app/node_modules/react-native/ReactAndroid/cmake-utils/ReactNative-application.cmake:97 (target_link_libraries):
C/C++:   Cannot specify link libraries for target "react_codegen_rnasyncstorage"
C/C++:   which is not built by this project.
C/C++: Call Stack (most recent call first):
C/C++:   CMakeLists.txt:31 (include)
C/C++: ninja: error: rebuilding 'build.ninja': subcommand failed

> Task :expo-modules-core:clean

[Incubating] Problems report is available at: file:///home/tniglobal/public_html/app/authentication-app/android/build/reports/problems/problems-report.html

FAILURE: Build failed with an exception.

* What went wrong:
Execution failed for task ':app:externalNativeBuildCleanRelease'.
> com.android.ide.common.process.ProcessException: ninja: Entering directory `/home/tniglobal/public_html/app/authentication-app/android/app/.cxx/RelWithDebInfo/4h1s6u4v/arm64-v8a'
  [0/2] Re-checking globbed directories...
  [1/2] Re-running CMake...
  -- Configuring incomplete, errors occurred!
  See also "/home/tniglobal/public_html/app/authentication-app/android/app/.cxx/RelWithDebInfo/4h1s6u4v/arm64-v8a/CMakeFiles/CMakeOutput.log".
  See also "/home/tniglobal/public_html/app/authentication-app/android/app/.cxx/RelWithDebInfo/4h1s6u4v/arm64-v8a/CMakeFiles/CMakeError.log".
  FAILED: build.ninja 
  /home/tniglobal/Android/sdk/cmake/3.22.1/bin/cmake --regenerate-during-build -S/home/tniglobal/public_html/app/authentication-app/node_modules/react-native/ReactAndroid/cmake-utils/default-app-setup -B/home/tniglobal/public_html/app/authentication-app/android/app/.cxx/RelWithDebInfo/4h1s6u4v/arm64-v8a
  
  C++ build system [clean] failed while executing:
      /home/tniglobal/Android/sdk/cmake/3.22.1/bin/ninja \
        -C \
        /home/tniglobal/public_html/app/authentication-app/android/app/.cxx/RelWithDebInfo/4h1s6u4v/arm64-v8a \
        clean
    from /home/tniglobal/public_html/app/authentication-app/android/app
  -- GLOB mismatch!
  -- GLOB mismatch!
  -- GLOB mismatch!
  -- GLOB mismatch!
  -- GLOB mismatch!
  CMake Error at /home/tniglobal/public_html/app/authentication-app/android/app/build/generated/autolinking/src/main/jni/Android-autolinking.cmake:9 (add_subdirectory):
    add_subdirectory given source
    "/home/tniglobal/public_html/app/authentication-app/node_modules/@react-native-async-storage/async-storage/android/build/generated/source/codegen/jni/"
    which is not an existing directory.
  Call Stack (most recent call first):
    /home/tniglobal/public_html/app/authentication-app/node_modules/react-native/ReactAndroid/cmake-utils/ReactNative-application.cmake:94 (include)
    CMakeLists.txt:31 (include)
  
  
  CMake Error at /home/tniglobal/public_html/app/authentication-app/node_modules/react-native/ReactAndroid/cmake-utils/ReactNative-application.cmake:97 (target_link_libraries):
    Cannot specify link libraries for target "react_codegen_rnasyncstorage"
    which is not built by this project.
  Call Stack (most recent call first):
    CMakeLists.txt:31 (include)
  
  
  ninja: error: rebuilding 'build.ninja': subcommand failed

* Try:
> Run with --stacktrace option to get the stack trace.
> Run with --info or --debug option to get more log output.
> Run with --scan to get full insights.
> Get more help at https://help.gradle.org.

Deprecated Gradle features were used in this build, making it incompatible with Gradle 9.0.

You can use '--warning-mode all' to show the individual deprecation warnings and determine if they come from your own scripts or plugins.

For more on this, please refer to https://docs.gradle.org/8.14.3/userguide/command_line_interface.html#sec:command_line_warnings in the Gradle documentation.

BUILD FAILED in 26s
51 actionable tasks: 23 executed, 28 up-to-date
